Build started 2014/10/16 18:17:20.
     1>Project "C:\Users\Jian Huang\Dropbox\McMaster_Final_Year_2014-2015\4DK4_Computer_Communication_Networks\Labs\source_code\lab2_4\lab2_q4.vcxproj" on node 2 (build target(s)).
     1>InitializeBuildStatus:
         Touching "Debug\lab2_q4.unsuccessfulbuild".
       ClCompile:
         All outputs are up-to-date.
       ResourceCompile:
         All outputs are up-to-date.
       ManifestResourceCompile:
         All outputs are up-to-date.
       Link:
         C:\Program Files (x86)\Microsoft Visual Studio 10.0\VC\bin\link.exe /ERRORREPORT:PROMPT /OUT:"C:\Users\Jian Huang\Dropbox\McMaster_Final_Year_2014-2015\4DK4_Computer_Communication_Networks\Labs\source_code\lab2_4\Debug\lab2_q4.exe" /INCREMENTAL /NOLOGO kernel32.lib user32.lib gdi32.lib winspool.lib comdlg32.lib advapi32.lib shell32.lib ole32.lib oleaut32.lib uuid.lib odbc32.lib odbccp32.lib /MANIFEST /ManifestFile:"Debug\lab2_q4.exe.intermediate.manifest" /MANIFESTUAC:"level='asInvoker' uiAccess='false'" /DEBUG /PDB:"C:\Users\Jian Huang\Dropbox\McMaster_Final_Year_2014-2015\4DK4_Computer_Communication_Networks\Labs\source_code\lab2_4\Debug\lab2_q4.pdb" /SUBSYSTEM:CONSOLE /TLBID:1 /DYNAMICBASE /NXCOMPAT /IMPLIB:"C:\Users\Jian Huang\Dropbox\McMaster_Final_Year_2014-2015\4DK4_Computer_Communication_Networks\Labs\source_code\lab2_4\Debug\lab2_q4.lib" /MACHINE:X86 Debug\lab_question_4_manifest.res
         Debug\lab2_q4.exe.embed.manifest.res
         Debug\cleanup_memory.obj
         Debug\main.obj
         Debug\output.obj
         Debug\packet_arrival.obj
         Debug\packet_transmission.obj
         Debug\simlib.obj
     1>CVTRES : fatal error CVT1100: duplicate resource.  type:MANIFEST, name:1, language:0x0409
     1>LINK : fatal error LNK1123: failure during conversion to COFF: file invalid or corrupt
     1>Done Building Project "C:\Users\Jian Huang\Dropbox\McMaster_Final_Year_2014-2015\4DK4_Computer_Communication_Networks\Labs\source_code\lab2_4\lab2_q4.vcxproj" (build target(s)) -- FAILED.

Build FAILED.

Time Elapsed 00:00:00.28
