Build started 2014/10/16 19:51:37.
     1>Project "C:\Users\Jian Huang\Dropbox\McMaster_Final_Year_2014-2015\4DK4_Computer_Communication_Networks\Labs\source_code\lab2_4\lab_question_4.vcxproj" on node 2 (build target(s)).
     1>InitializeBuildStatus:
         Creating "Debug\lab_question_4.unsuccessfulbuild" because "AlwaysCreate" was specified.
       ClCompile:
         C:\Program Files (x86)\Microsoft Visual Studio 10.0\VC\bin\CL.exe /c /Zi /nologo /W3 /WX- /Od /Oy- /D WIN32 /D _DEBUG /D _CONSOLE /Gm /EHsc /RTC1 /MDd /GS /fp:precise /Zc:wchar_t /Zc:forScope /Fo"Debug\\" /Fd"Debug\vc100.pdb" /Gd /TC /analyze- /errorReport:prompt cleanup_memory.c main.c output.c packet_arrival.c packet_transmission.c
         packet_transmission.c
         packet_arrival.c
         output.c
         main.c
         cleanup_memory.c
         Generating Code...
       ManifestResourceCompile:
         All outputs are up-to-date.
       Link:
         C:\Program Files (x86)\Microsoft Visual Studio 10.0\VC\bin\link.exe /ERRORREPORT:PROMPT /OUT:"C:\Users\Jian Huang\Dropbox\McMaster_Final_Year_2014-2015\4DK4_Computer_Communication_Networks\Labs\source_code\lab2_4\Debug\lab_question_4.exe" /INCREMENTAL /NOLOGO kernel32.lib user32.lib gdi32.lib winspool.lib comdlg32.lib advapi32.lib shell32.lib ole32.lib oleaut32.lib uuid.lib odbc32.lib odbccp32.lib /MANIFEST /ManifestFile:"Debug\lab_question_4.exe.intermediate.manifest" /MANIFESTUAC:"level='asInvoker' uiAccess='false'" /DEBUG /PDB:"C:\Users\Jian Huang\Dropbox\McMaster_Final_Year_2014-2015\4DK4_Computer_Communication_Networks\Labs\source_code\lab2_4\Debug\lab_question_4.pdb" /SUBSYSTEM:CONSOLE /TLBID:1 /DYNAMICBASE /NXCOMPAT /IMPLIB:"C:\Users\Jian Huang\Dropbox\McMaster_Final_Year_2014-2015\4DK4_Computer_Communication_Networks\Labs\source_code\lab2_4\Debug\lab_question_4.lib" /MACHINE:X86 Debug\lab_question_4.exe.embed.manifest.res
         Debug\cleanup_memory.obj
         Debug\main.obj
         Debug\output.obj
         Debug\packet_arrival.obj
         Debug\packet_transmission.obj
         Debug\simlib.obj
       Manifest:
         C:\Program Files (x86)\Microsoft SDKs\Windows\v7.0A\bin\mt.exe /nologo /verbose /out:"Debug\lab_question_4.exe.embed.manifest" /manifest Debug\lab_question_4.exe.intermediate.manifest
         All outputs are up-to-date.
       LinkEmbedManifest:
         All outputs are up-to-date.
         lab_question_4.vcxproj -> C:\Users\Jian Huang\Dropbox\McMaster_Final_Year_2014-2015\4DK4_Computer_Communication_Networks\Labs\source_code\lab2_4\Debug\lab_question_4.exe
       FinalizeBuildStatus:
         Deleting file "Debug\lab_question_4.unsuccessfulbuild".
         Touching "Debug\lab_question_4.lastbuildstate".
     1>Done Building Project "C:\Users\Jian Huang\Dropbox\McMaster_Final_Year_2014-2015\4DK4_Computer_Communication_Networks\Labs\source_code\lab2_4\lab_question_4.vcxproj" (build target(s)).

Build succeeded.

Time Elapsed 00:00:02.81
